[20/Apr/2026 09:21:10] "GET / HTTP/1.1" 302 0
[20/Apr/2026 09:21:10] "GET /fr/login/ HTTP/1.1" 200 33761
[20/Apr/2026 09:21:10,851] - Broken pipe from ('127.0.0.1', 53813)
[20/Apr/2026 09:21:38] "GET / HTTP/1.1" 302 0
[20/Apr/2026 09:21:38] "GET /en/login/ HTTP/1.1" 200 33753
Not Found: /favicon.ico
[20/Apr/2026 09:21:39] "GET /favicon.ico HTTP/1.1" 404 2849
[20/Apr/2026 09:22:17] "GET /en/signup/ HTTP/1.1" 200 34509
[20/Apr/2026 09:23:07] "POST /en/signup/ HTTP/1.1" 302 0
[20/Apr/2026 09:23:07] "GET /en/dashboard/ HTTP/1.1" 200 60391
[20/Apr/2026 09:23:28] "GET /en/calendar/ HTTP/1.1" 200 56011
[20/Apr/2026 09:23:30] "GET /en/academic-tracking/ HTTP/1.1" 200 36968
[20/Apr/2026 09:23:47] "GET /en/calendar/ HTTP/1.1" 200 56011
[20/Apr/2026 09:23:51] "GET /en/academic-grades/ HTTP/1.1" 200 36400
[20/Apr/2026 09:30:54] "GET /en/absences-exams/ HTTP/1.1" 200 34100
Not Found: /favicon.ico
[20/Apr/2026 09:30:55] "GET /favicon.ico HTTP/1.1" 404 2849
[20/Apr/2026 09:30:58] "GET /en/absences-classes/ HTTP/1.1" 302 0
[20/Apr/2026 09:30:58] "GET /en/dashboard/ HTTP/1.1" 200 59931
[20/Apr/2026 09:31:07] "GET /en/dashboard/ HTTP/1.1" 200 59931
[20/Apr/2026 09:31:46] "GET /en/calendar/ HTTP/1.1" 200 56011
[20/Apr/2026 09:31:48] "GET /en/calendar/ HTTP/1.1" 200 56011
[20/Apr/2026 09:31:53] "GET /en/academic-grades/ HTTP/1.1" 200 36400
[20/Apr/2026 09:31:55] "GET /en/absences-exams/ HTTP/1.1" 200 34100
[20/Apr/2026 09:31:59] "GET /en/sent-sms/ HTTP/1.1" 200 35157
[20/Apr/2026 09:32:02] "GET /en/dashboard/ HTTP/1.1" 200 59931
